<?xml version="1.0" encoding="UTF-8"?>
<testsuite name="com.kbank.lms.dao.CorporationDaoTest" time="0.656" tests="21" errors="0" skipped="0" failures="0">
  <properties>
    <property name="java.runtime.name" value="Java(TM) SE Runtime Environment"/>
    <property name="sun.boot.library.path" value="/usr/lib/jvm/java_1.8/jdk1.8.0_121/jre/lib/amd64"/>
    <property name="java.vm.version" value="25.121-b13"/>
    <property name="java.vm.vendor" value="Oracle Corporation"/>
    <property name="maven.multiModuleProjectDirectory" value="/root/.jenkins/workspace/LMSMasterSetup_BUILD"/>
    <property name="java.vendor.url" value="http://java.oracle.com/"/>
    <property name="path.separator" value=":"/>
    <property name="guice.disable.misplaced.annotation.check" value="true"/>
    <property name="java.vm.name" value="Java HotSpot(TM) 64-Bit Server VM"/>
    <property name="file.encoding.pkg" value="sun.io"/>
    <property name="user.country" value="US"/>
    <property name="sun.java.launcher" value="SUN_STANDARD"/>
    <property name="sun.os.patch.level" value="unknown"/>
    <property name="java.vm.specification.name" value="Java Virtual Machine Specification"/>
    <property name="user.dir" value="/root/.jenkins/workspace/LMSMasterSetup_BUILD"/>
    <property name="java.runtime.version" value="1.8.0_121-b13"/>
    <property name="java.awt.graphicsenv" value="sun.awt.X11GraphicsEnvironment"/>
    <property name="java.endorsed.dirs" value="/usr/lib/jvm/java_1.8/jdk1.8.0_121/jre/lib/endorsed"/>
    <property name="os.arch" value="amd64"/>
    <property name="java.io.tmpdir" value="/tmp"/>
    <property name="line.separator" value="&#10;"/>
    <property name="java.vm.specification.vendor" value="Oracle Corporation"/>
    <property name="os.name" value="Linux"/>
    <property name="net.sourceforge.cobertura.datafile" value="/root/.jenkins/workspace/LMSMasterSetup_BUILD/target/cobertura/cobertura.ser"/>
    <property name="classworlds.conf" value="/home/rootkb/tools/apache-maven-3.3.9/bin/m2.conf"/>
    <property name="sun.jnu.encoding" value="UTF-8"/>
    <property name="java.library.path" value="/usr/java/packages/lib/amd64:/usr/lib64:/lib64:/lib:/usr/lib"/>
    <property name="java.specification.name" value="Java Platform API Specification"/>
    <property name="java.class.version" value="52.0"/>
    <property name="sun.management.compiler" value="HotSpot 64-Bit Tiered Compilers"/>
    <property name="os.version" value="2.6.32-573.12.1.el6.x86_64"/>
    <property name="user.home" value="/root"/>
    <property name="user.timezone" value="Asia/Phnom_Penh"/>
    <property name="java.awt.printerjob" value="sun.print.PSPrinterJob"/>
    <property name="java.specification.version" value="1.8"/>
    <property name="file.encoding" value="UTF-8"/>
    <property name="user.name" value="root"/>
    <property name="java.class.path" value="/home/rootkb/tools/apache-maven-3.3.9/boot/plexus-classworlds-2.5.2.jar"/>
    <property name="java.vm.specification.version" value="1.8"/>
    <property name="sun.arch.data.model" value="64"/>
    <property name="java.home" value="/usr/lib/jvm/java_1.8/jdk1.8.0_121/jre"/>
    <property name="sun.java.command" value="org.codehaus.plexus.classworlds.launcher.Launcher clean install"/>
    <property name="java.specification.vendor" value="Oracle Corporation"/>
    <property name="user.language" value="en"/>
    <property name="awt.toolkit" value="sun.awt.X11.XToolkit"/>
    <property name="java.vm.info" value="mixed mode"/>
    <property name="java.version" value="1.8.0_121"/>
    <property name="java.ext.dirs" value="/usr/lib/jvm/java_1.8/jdk1.8.0_121/jre/lib/ext:/usr/java/packages/lib/ext"/>
    <property name="securerandom.source" value="file:/dev/./urandom"/>
    <property name="sun.boot.class.path" value="/usr/lib/jvm/java_1.8/jdk1.8.0_121/jre/lib/resources.jar:/usr/lib/jvm/java_1.8/jdk1.8.0_121/jre/lib/rt.jar:/usr/lib/jvm/java_1.8/jdk1.8.0_121/jre/lib/sunrsasign.jar:/usr/lib/jvm/java_1.8/jdk1.8.0_121/jre/lib/jsse.jar:/usr/lib/jvm/java_1.8/jdk1.8.0_121/jre/lib/jce.jar:/usr/lib/jvm/java_1.8/jdk1.8.0_121/jre/lib/charsets.jar:/usr/lib/jvm/java_1.8/jdk1.8.0_121/jre/lib/jfr.jar:/usr/lib/jvm/java_1.8/jdk1.8.0_121/jre/classes"/>
    <property name="java.vendor" value="Oracle Corporation"/>
    <property name="maven.home" value="/home/rootkb/tools/apache-maven-3.3.9"/>
    <property name="file.separator" value="/"/>
    <property name="java.vendor.url.bug" value="http://bugreport.sun.com/bugreport/"/>
    <property name="sun.cpu.endian" value="little"/>
    <property name="sun.io.unicode.encoding" value="UnicodeLittle"/>
    <property name="project.build.outputDirectory" value="/root/.jenkins/workspace/LMSMasterSetup_BUILD/target/generated-classes/cobertura"/>
    <property name="sun.cpu.isalist" value=""/>
  </properties>
  <testcase name="checkCorpDuplicate_Success" classname="com.kbank.lms.dao.CorporationDaoTest" time="0.012"/>
  <testcase name="copyToCorporationMst_Success" classname="com.kbank.lms.dao.CorporationDaoTest" time="0.019"/>
  <testcase name="copyToCorporationTmpDelete_Success" classname="com.kbank.lms.dao.CorporationDaoTest" time="0.033"/>
  <testcase name="copyToCorporationTmp_Success" classname="com.kbank.lms.dao.CorporationDaoTest" time="0.039"/>
  <testcase name="countCorporationMst" classname="com.kbank.lms.dao.CorporationDaoTest" time="0.016"/>
  <testcase name="countCorporationTmp_Success" classname="com.kbank.lms.dao.CorporationDaoTest" time="0.008"/>
  <testcase name="deleteAllCorporationMst_Success" classname="com.kbank.lms.dao.CorporationDaoTest" time="0.007"/>
  <testcase name="deleteAllCorporationTmp_Success" classname="com.kbank.lms.dao.CorporationDaoTest" time="0.016"/>
  <testcase name="deleteCorporationMstCorpCode_Success" classname="com.kbank.lms.dao.CorporationDaoTest" time="0.034"/>
  <testcase name="deleteCorporationTmpCorpCode_Success" classname="com.kbank.lms.dao.CorporationDaoTest" time="0.037"/>
  <testcase name="getCorporationMstByCorpCode_Success" classname="com.kbank.lms.dao.CorporationDaoTest" time="0.018"/>
  <testcase name="getCorporationTmpByCorpCode_Success" classname="com.kbank.lms.dao.CorporationDaoTest" time="0.017"/>
  <testcase name="insertCorporationMst_Success" classname="com.kbank.lms.dao.CorporationDaoTest" time="0.021"/>
  <testcase name="insertCorporationTmpWithAccount_Success" classname="com.kbank.lms.dao.CorporationDaoTest" time="0.03"/>
  <testcase name="insertCorporationTmp_Fail" classname="com.kbank.lms.dao.CorporationDaoTest" time="0.223"/>
  <testcase name="insertCorporationTmp_Success" classname="com.kbank.lms.dao.CorporationDaoTest" time="0.01"/>
  <testcase name="updateAutorizeStatus_Success" classname="com.kbank.lms.dao.CorporationDaoTest" time="0.031"/>
  <testcase name="updateCorporationInformationWithUMMProfile_Success" classname="com.kbank.lms.dao.CorporationDaoTest" time="0.017"/>
  <testcase name="updateCorporationTmp_Success" classname="com.kbank.lms.dao.CorporationDaoTest" time="0.021"/>
  <testcase name="updateCorporationUMMStatusOnlyWithUMMProfile_Success" classname="com.kbank.lms.dao.CorporationDaoTest" time="0.017"/>
  <testcase name="updateTmpToCorporationMst_Success" classname="com.kbank.lms.dao.CorporationDaoTest" time="0.03"/>
</testsuite>